<?xml version="1.0" encoding="UTF-8"?>
<!-- Generated by org.testng.reporters.JUnitXMLReporter -->
<testsuite ignored="0" hostname="Amritas-MacBook-Air.local" failures="0" tests="2" name="Error Validations Test" time="16.861" errors="0" timestamp="2024-12-20T19:44:35 EST">
  <testcase classname="SeleniumProject.Tests.ErrorValidations" name="LoginErrorValidation" time="1.089"/>
  <testcase classname="SeleniumProject.Tests.ErrorValidations" name="productErrorValidation" time="5.624"/>
</testsuite> <!-- Error Validations Test -->
